  PlayingCard.cpp
c:\users\mh881\onedrive\デスクトップ\self-study\updown\updown\playingcard.cpp(166): warning C4267: '引数': 'size_t' から 'GLsizei' に変換しました。データが失われているかもしれません。
c:\users\mh881\onedrive\デスクトップ\self-study\updown\updown\playingcard.cpp(180): warning C4267: '引数': 'size_t' から 'GLsizei' に変換しました。データが失われているかもしれません。
c:\users\mh881\onedrive\デスクトップ\self-study\updown\updown\playingcard.cpp(203): warning C4305: '+=': 'double' から 'float' へ切り詰めます。
c:\users\mh881\onedrive\デスクトップ\self-study\updown\updown\playingcard.cpp(211): warning C4305: '引数': 'double' から 'float' へ切り詰めます。
c:\users\mh881\onedrive\デスクトップ\self-study\updown\updown\playingcard.cpp(211): warning C4305: '引数': 'double' から 'GLfloat' へ切り詰めます。
c:\users\mh881\onedrive\デスクトップ\self-study\updown\updown\playingcard.cpp(212): warning C4305: '引数': 'double' から 'float' へ切り詰めます。
c:\users\mh881\onedrive\デスクトップ\self-study\updown\updown\playingcard.cpp(212): warning C4305: '引数': 'double' から 'GLfloat' へ切り詰めます。
c:\users\mh881\onedrive\デスクトップ\self-study\updown\updown\playingcard.cpp(214): warning C4305: '引数': 'double' から 'GLfloat' へ切り詰めます。
c:\users\mh881\onedrive\デスクトップ\self-study\updown\updown\playingcard.cpp(215): warning C4305: '引数': 'double' から 'GLfloat' へ切り詰めます。
c:\users\mh881\onedrive\デスクトップ\self-study\updown\updown\playingcard.cpp(217): warning C4305: '引数': 'double' から 'GLfloat' へ切り詰めます。
c:\users\mh881\onedrive\デスクトップ\self-study\updown\updown\playingcard.cpp(220): warning C4305: '引数': 'double' から 'GLfloat' へ切り詰めます。
c:\users\mh881\onedrive\デスクトップ\self-study\updown\updown\playingcard.cpp(221): warning C4305: '引数': 'double' から 'GLfloat' へ切り詰めます。
c:\users\mh881\onedrive\デスクトップ\self-study\updown\updown\playingcard.cpp(222): warning C4305: '引数': 'double' から 'GLfloat' へ切り詰めます。
c:\users\mh881\onedrive\デスクトップ\self-study\updown\updown\playingcard.cpp(228): warning C4305: '引数': 'double' から 'float' へ切り詰めます。
c:\users\mh881\onedrive\デスクトップ\self-study\updown\updown\playingcard.cpp(228): warning C4305: '引数': 'double' から 'GLfloat' へ切り詰めます。
c:\users\mh881\onedrive\デスクトップ\self-study\updown\updown\playingcard.cpp(229): warning C4305: '引数': 'double' から 'float' へ切り詰めます。
c:\users\mh881\onedrive\デスクトップ\self-study\updown\updown\playingcard.cpp(229): warning C4305: '引数': 'double' から 'GLfloat' へ切り詰めます。
c:\users\mh881\onedrive\デスクトップ\self-study\updown\updown\playingcard.cpp(230): warning C4305: '引数': 'double' から 'float' へ切り詰めます。
c:\users\mh881\onedrive\デスクトップ\self-study\updown\updown\playingcard.cpp(230): warning C4305: '引数': 'double' から 'GLfloat' へ切り詰めます。
c:\users\mh881\onedrive\デスクトップ\self-study\updown\updown\playingcard.cpp(232): warning C4305: '引数': 'double' から 'GLfloat' へ切り詰めます。
c:\users\mh881\onedrive\デスクトップ\self-study\updown\updown\playingcard.cpp(233): warning C4305: '引数': 'double' から 'GLfloat' へ切り詰めます。
c:\users\mh881\onedrive\デスクトップ\self-study\updown\updown\playingcard.cpp(234): warning C4305: '引数': 'double' から 'GLfloat' へ切り詰めます。
c:\users\mh881\onedrive\デスクトップ\self-study\updown\updown\playingcard.cpp(240): warning C4305: '引数': 'double' から 'float' へ切り詰めます。
c:\users\mh881\onedrive\デスクトップ\self-study\updown\updown\playingcard.cpp(240): warning C4305: '引数': 'double' から 'GLfloat' へ切り詰めます。
c:\users\mh881\onedrive\デスクトップ\self-study\updown\updown\playingcard.cpp(241): warning C4305: '引数': 'double' から 'float' へ切り詰めます。
c:\users\mh881\onedrive\デスクトップ\self-study\updown\updown\playingcard.cpp(241): warning C4305: '引数': 'double' から 'GLfloat' へ切り詰めます。
c:\users\mh881\onedrive\デスクトップ\self-study\updown\updown\playingcard.cpp(244): warning C4305: '引数': 'double' から 'GLfloat' へ切り詰めます。
c:\users\mh881\onedrive\デスクトップ\self-study\updown\updown\playingcard.cpp(245): warning C4305: '引数': 'double' から 'GLfloat' へ切り詰めます。
c:\users\mh881\onedrive\デスクトップ\self-study\updown\updown\playingcard.cpp(246): warning C4305: '引数': 'double' から 'GLfloat' へ切り詰めます。
c:\users\mh881\onedrive\デスクトップ\self-study\updown\updown\playingcard.cpp(261): warning C4305: '引数': 'double' から 'GLfloat' へ切り詰めます。
c:\users\mh881\onedrive\デスクトップ\self-study\updown\updown\playingcard.cpp(277): warning C4267: '引数': 'size_t' から 'GLsizei' に変換しました。データが失われているかもしれません。
c:\users\mh881\onedrive\デスクトップ\self-study\updown\updown\playingcard.cpp(291): warning C4267: '引数': 'size_t' から 'GLsizei' に変換しました。データが失われているかもしれません。
c:\users\mh881\onedrive\デスクトップ\self-study\updown\updown\playingcard.cpp(303): warning C4305: '引数': 'double' から 'GLfloat' へ切り詰めます。
c:\users\mh881\onedrive\デスクトップ\self-study\updown\updown\playingcard.cpp(304): warning C4305: '引数': 'double' から 'GLfloat' へ切り詰めます。
c:\users\mh881\onedrive\デスクトップ\self-study\updown\updown\playingcard.cpp(305): warning C4305: '引数': 'double' から 'GLfloat' へ切り詰めます。
c:\users\mh881\onedrive\デスクトップ\self-study\updown\updown\playingcard.cpp(311): warning C4305: '初期化中': 'double' から 'float' へ切り詰めます。
c:\users\mh881\onedrive\デスクトップ\self-study\updown\updown\playingcard.cpp(311): warning C4305: '+=': 'double' から 'float' へ切り詰めます。
c:\users\mh881\onedrive\デスクトップ\self-study\updown\updown\playingcard.cpp(312): warning C4244: '引数': 'double' から 'GLfloat' への変換です。データが失われる可能性があります。
c:\users\mh881\onedrive\デスクトップ\self-study\updown\updown\playingcard.cpp(316): warning C4244: '引数': 'double' から 'GLfloat' への変換です。データが失われる可能性があります。
c:\users\mh881\onedrive\デスクトップ\self-study\updown\updown\playingcard.cpp(325): warning C4305: '初期化中': 'double' から 'float' へ切り詰めます。
c:\users\mh881\onedrive\デスクトップ\self-study\updown\updown\playingcard.cpp(325): warning C4305: '+=': 'double' から 'float' へ切り詰めます。
c:\users\mh881\onedrive\デスクトップ\self-study\updown\updown\playingcard.cpp(326): warning C4244: '引数': 'double' から 'GLfloat' への変換です。データが失われる可能性があります。
c:\users\mh881\onedrive\デスクトップ\self-study\updown\updown\playingcard.cpp(332): warning C4305: '初期化中': 'double' から 'float' へ切り詰めます。
c:\users\mh881\onedrive\デスクトップ\self-study\updown\updown\playingcard.cpp(332): warning C4305: '+=': 'double' から 'float' へ切り詰めます。
c:\users\mh881\onedrive\デスクトップ\self-study\updown\updown\playingcard.cpp(333): warning C4244: '引数': 'double' から 'GLfloat' への変換です。データが失われる可能性があります。
c:\users\mh881\onedrive\デスクトップ\self-study\updown\updown\playingcard.cpp(339): warning C4305: '引数': 'double' から 'GLfloat' へ切り詰めます。
c:\users\mh881\onedrive\デスクトップ\self-study\updown\updown\playingcard.cpp(340): warning C4305: '引数': 'double' から 'GLfloat' へ切り詰めます。
c:\users\mh881\onedrive\デスクトップ\self-study\updown\updown\playingcard.cpp(341): warning C4305: '引数': 'double' から 'GLfloat' へ切り詰めます。
c:\users\mh881\onedrive\デスクトップ\self-study\updown\updown\playingcard.cpp(342): warning C4305: '引数': 'double' から 'GLfloat' へ切り詰めます。
c:\users\mh881\onedrive\デスクトップ\self-study\updown\updown\playingcard.cpp(343): warning C4305: '引数': 'double' から 'GLfloat' へ切り詰めます。
c:\users\mh881\onedrive\デスクトップ\self-study\updown\updown\playingcard.cpp(344): warning C4305: '引数': 'double' から 'GLfloat' へ切り詰めます。
c:\users\mh881\onedrive\デスクトップ\self-study\updown\updown\playingcard.cpp(360): warning C4305: '初期化中': 'double' から 'float' へ切り詰めます。
c:\users\mh881\onedrive\デスクトップ\self-study\updown\updown\playingcard.cpp(360): warning C4305: '+=': 'double' から 'float' へ切り詰めます。
c:\users\mh881\onedrive\デスクトップ\self-study\updown\updown\playingcard.cpp(361): warning C4244: '引数': 'double' から 'GLfloat' への変換です。データが失われる可能性があります。
c:\users\mh881\onedrive\デスクトップ\self-study\updown\updown\playingcard.cpp(372): warning C4305: '+=': 'double' から 'float' へ切り詰めます。
c:\users\mh881\onedrive\デスクトップ\self-study\updown\updown\playingcard.cpp(373): warning C4244: '引数': 'double' から 'GLfloat' への変換です。データが失われる可能性があります。
c:\users\mh881\onedrive\デスクトップ\self-study\updown\updown\playingcard.cpp(380): warning C4305: '引数': 'double' から 'GLfloat' へ切り詰めます。
c:\users\mh881\onedrive\デスクトップ\self-study\updown\updown\playingcard.cpp(390): warning C4305: '+=': 'double' から 'float' へ切り詰めます。
c:\users\mh881\onedrive\デスクトップ\self-study\updown\updown\playingcard.cpp(391): warning C4244: '引数': 'double' から 'GLfloat' への変換です。データが失われる可能性があります。
c:\users\mh881\onedrive\デスクトップ\self-study\updown\updown\playingcard.cpp(397): warning C4305: '+=': 'double' から 'float' へ切り詰めます。
c:\users\mh881\onedrive\デスクトップ\self-study\updown\updown\playingcard.cpp(398): warning C4244: '引数': 'double' から 'GLfloat' への変換です。データが失われる可能性があります。
c:\users\mh881\onedrive\デスクトップ\self-study\updown\updown\playingcard.cpp(405): warning C4305: '+=': 'double' から 'float' へ切り詰めます。
c:\users\mh881\onedrive\デスクトップ\self-study\updown\updown\playingcard.cpp(406): warning C4244: '引数': 'double' から 'GLfloat' への変換です。データが失われる可能性があります。
c:\users\mh881\onedrive\デスクトップ\self-study\updown\updown\playingcard.cpp(417): warning C4305: '+=': 'double' から 'float' へ切り詰めます。
c:\users\mh881\onedrive\デスクトップ\self-study\updown\updown\playingcard.cpp(418): warning C4244: '引数': 'double' から 'GLfloat' への変換です。データが失われる可能性があります。
c:\users\mh881\onedrive\デスクトップ\self-study\updown\updown\playingcard.cpp(423): warning C4305: '引数': 'double' から 'GLfloat' へ切り詰めます。
c:\users\mh881\onedrive\デスクトップ\self-study\updown\updown\playingcard.cpp(426): warning C4305: '引数': 'double' から 'GLfloat' へ切り詰めます。
c:\users\mh881\onedrive\デスクトップ\self-study\updown\updown\playingcard.cpp(427): warning C4305: '引数': 'double' から 'GLfloat' へ切り詰めます。
c:\users\mh881\onedrive\デスクトップ\self-study\updown\updown\playingcard.cpp(437): warning C4305: '初期化中': 'double' から 'float' へ切り詰めます。
c:\users\mh881\onedrive\デスクトップ\self-study\updown\updown\playingcard.cpp(437): warning C4305: '+=': 'double' から 'float' へ切り詰めます。
c:\users\mh881\onedrive\デスクトップ\self-study\updown\updown\playingcard.cpp(438): warning C4244: '引数': 'double' から 'GLfloat' への変換です。データが失われる可能性があります。
c:\users\mh881\onedrive\デスクトップ\self-study\updown\updown\playingcard.cpp(445): warning C4305: '+=': 'double' から 'float' へ切り詰めます。
c:\users\mh881\onedrive\デスクトップ\self-study\updown\updown\playingcard.cpp(446): warning C4244: '引数': 'double' から 'GLfloat' への変換です。データが失われる可能性があります。
c:\users\mh881\onedrive\デスクトップ\self-study\updown\updown\playingcard.cpp(450): warning C4305: '引数': 'double' から 'GLfloat' へ切り詰めます。
c:\users\mh881\onedrive\デスクトップ\self-study\updown\updown\playingcard.cpp(451): warning C4305: '引数': 'double' から 'GLfloat' へ切り詰めます。
c:\users\mh881\onedrive\デスクトップ\self-study\updown\updown\playingcard.cpp(459): warning C4305: '引数': 'double' から 'GLfloat' へ切り詰めます。
c:\users\mh881\onedrive\デスクトップ\self-study\updown\updown\playingcard.cpp(460): warning C4305: '引数': 'double' から 'GLfloat' へ切り詰めます。
  UpDown.vcxproj -> C:\Users\mh881\OneDrive\デスクトップ\Self-Study\UpDown\x64\Debug\UpDown.exe
